<?xml version="1.0" encoding="UTF-8"?>
<testsuite xmlns:xsi="http://www.w3.org/2001/XMLSchema-instance" xsi:noNamespaceSchemaLocation="https://maven.apache.org/surefire/maven-surefire-plugin/xsd/surefire-test-report.xsd" version="3.0.2" name="TestSuite" time="10.636" tests="4" errors="0" skipped="0" failures="0">
  <properties>
    <property name="java.specification.version" value="17"/>
    <property name="sun.cpu.isalist" value="amd64"/>
    <property name="sun.jnu.encoding" value="Cp1252"/>
    <property name="java.class.path" value="C:\Program Files\apache-maven-3.9.9\boot\plexus-classworlds-2.8.0.jar"/>
    <property name="java.vm.vendor" value="Oracle Corporation"/>
    <property name="sun.arch.data.model" value="64"/>
    <property name="user.variant" value=""/>
    <property name="java.vendor.url" value="https://java.oracle.com/"/>
    <property name="user.timezone" value="Asia/Jakarta"/>
    <property name="maven.conf" value="C:\Program Files\apache-maven-3.9.9/conf"/>
    <property name="java.vm.specification.version" value="17"/>
    <property name="os.name" value="Windows 11"/>
    <property name="sun.java.launcher" value="SUN_STANDARD"/>
    <property name="user.country" value="ID"/>
    <property name="sun.boot.library.path" value="C:\Program Files\Java\jdk-17\bin"/>
    <property name="sun.java.command" value="org.codehaus.plexus.classworlds.launcher.Launcher test -DsuiteXml=src\test\resources\cucumber_suite.xml"/>
    <property name="jdk.debug" value="release"/>
    <property name="maven.home" value="C:\Program Files\apache-maven-3.9.9"/>
    <property name="surefire.test.class.path" value="C:\Users\Maxxi\maven-project\afteroffice-selenium\testng\target\test-classes;C:\Users\Maxxi\maven-project\afteroffice-selenium\testng\target\classes;C:\Users\Maxxi\.m2\repository\org\testng\testng\7.11.0\testng-7.11.0.jar;C:\Users\Maxxi\.m2\repository\org\slf4j\slf4j-api\2.0.16\slf4j-api-2.0.16.jar;C:\Users\Maxxi\.m2\repository\org\jcommander\jcommander\1.83\jcommander-1.83.jar;C:\Users\Maxxi\.m2\repository\org\webjars\jquery\3.7.1\jquery-3.7.1.jar;C:\Users\Maxxi\.m2\repository\io\rest-assured\rest-assured\5.5.2\rest-assured-5.5.2.jar;C:\Users\Maxxi\.m2\repository\org\apache\groovy\groovy\4.0.22\groovy-4.0.22.jar;C:\Users\Maxxi\.m2\repository\org\apache\groovy\groovy-xml\4.0.22\groovy-xml-4.0.22.jar;C:\Users\Maxxi\.m2\repository\org\apache\httpcomponents\httpclient\4.5.13\httpclient-4.5.13.jar;C:\Users\Maxxi\.m2\repository\org\apache\httpcomponents\httpcore\4.4.13\httpcore-4.4.13.jar;C:\Users\Maxxi\.m2\repository\commons-logging\commons-logging\1.2\commons-logging-1.2.jar;C:\Users\Maxxi\.m2\repository\commons-codec\commons-codec\1.11\commons-codec-1.11.jar;C:\Users\Maxxi\.m2\repository\org\apache\httpcomponents\httpmime\4.5.13\httpmime-4.5.13.jar;C:\Users\Maxxi\.m2\repository\org\hamcrest\hamcrest\2.2\hamcrest-2.2.jar;C:\Users\Maxxi\.m2\repository\org\ccil\cowan\tagsoup\tagsoup\1.2.1\tagsoup-1.2.1.jar;C:\Users\Maxxi\.m2\repository\io\rest-assured\json-path\5.5.2\json-path-5.5.2.jar;C:\Users\Maxxi\.m2\repository\org\apache\groovy\groovy-json\4.0.22\groovy-json-4.0.22.jar;C:\Users\Maxxi\.m2\repository\io\rest-assured\rest-assured-common\5.5.2\rest-assured-common-5.5.2.jar;C:\Users\Maxxi\.m2\repository\io\rest-assured\xml-path\5.5.2\xml-path-5.5.2.jar;C:\Users\Maxxi\.m2\repository\org\projectlombok\lombok\1.18.38\lombok-1.18.38.jar;C:\Users\Maxxi\.m2\repository\com\fasterxml\jackson\core\jackson-databind\2.19.0\jackson-databind-2.19.0.jar;C:\Users\Maxxi\.m2\repository\com\fasterxml\jackson\core\jackson-annotations\2.19.0\jackson-annotations-2.19.0.jar;C:\Users\Maxxi\.m2\repository\com\fasterxml\jackson\core\jackson-core\2.19.0\jackson-core-2.19.0.jar;C:\Users\Maxxi\.m2\repository\io\rest-assured\json-schema-validator\5.3.2\json-schema-validator-5.3.2.jar;C:\Users\Maxxi\.m2\repository\com\github\java-json-tools\json-schema-validator\2.2.14\json-schema-validator-2.2.14.jar;C:\Users\Maxxi\.m2\repository\com\github\java-json-tools\jackson-coreutils-equivalence\1.0\jackson-coreutils-equivalence-1.0.jar;C:\Users\Maxxi\.m2\repository\com\github\java-json-tools\jackson-coreutils\2.0\jackson-coreutils-2.0.jar;C:\Users\Maxxi\.m2\repository\com\github\java-json-tools\msg-simple\1.2\msg-simple-1.2.jar;C:\Users\Maxxi\.m2\repository\com\github\java-json-tools\btf\1.3\btf-1.3.jar;C:\Users\Maxxi\.m2\repository\com\github\java-json-tools\json-schema-core\1.2.14\json-schema-core-1.2.14.jar;C:\Users\Maxxi\.m2\repository\com\github\java-json-tools\uri-template\0.10\uri-template-0.10.jar;C:\Users\Maxxi\.m2\repository\org\mozilla\rhino\1.7.7.2\rhino-1.7.7.2.jar;C:\Users\Maxxi\.m2\repository\com\sun\mail\mailapi\1.6.2\mailapi-1.6.2.jar;C:\Users\Maxxi\.m2\repository\com\googlecode\libphonenumber\libphonenumber\8.11.1\libphonenumber-8.11.1.jar;C:\Users\Maxxi\.m2\repository\com\google\code\findbugs\jsr305\3.0.2\jsr305-3.0.2.jar;C:\Users\Maxxi\.m2\repository\net\sf\jopt-simple\jopt-simple\5.0.4\jopt-simple-5.0.4.jar;C:\Users\Maxxi\.m2\repository\com\google\guava\guava\32.0.1-jre\guava-32.0.1-jre.jar;C:\Users\Maxxi\.m2\repository\com\google\guava\failureaccess\1.0.1\failureaccess-1.0.1.jar;C:\Users\Maxxi\.m2\repository\com\google\guava\listenablefuture\9999.0-empty-to-avoid-conflict-with-guava\listenablefuture-9999.0-empty-to-avoid-conflict-with-guava.jar;C:\Users\Maxxi\.m2\repository\org\checkerframework\checker-qual\3.33.0\checker-qual-3.33.0.jar;C:\Users\Maxxi\.m2\repository\com\google\errorprone\error_prone_annotations\2.18.0\error_prone_annotations-2.18.0.jar;C:\Users\Maxxi\.m2\repository\com\google\j2objc\j2objc-annotations\2.8\j2objc-annotations-2.8.jar;C:\Users\Maxxi\.m2\repository\io\cucumber\cucumber-java\7.14.0\cucumber-java-7.14.0.jar;C:\Users\Maxxi\.m2\repository\io\cucumber\cucumber-core\7.14.0\cucumber-core-7.14.0.jar;C:\Users\Maxxi\.m2\repository\io\cucumber\cucumber-gherkin\7.14.0\cucumber-gherkin-7.14.0.jar;C:\Users\Maxxi\.m2\repository\io\cucumber\cucumber-gherkin-messages\7.14.0\cucumber-gherkin-messages-7.14.0.jar;C:\Users\Maxxi\.m2\repository\io\cucumber\gherkin\26.2.0\gherkin-26.2.0.jar;C:\Users\Maxxi\.m2\repository\io\cucumber\messages\22.0.0\messages-22.0.0.jar;C:\Users\Maxxi\.m2\repository\io\cucumber\tag-expressions\5.0.6\tag-expressions-5.0.6.jar;C:\Users\Maxxi\.m2\repository\io\cucumber\cucumber-expressions\16.1.2\cucumber-expressions-16.1.2.jar;C:\Users\Maxxi\.m2\repository\io\cucumber\datatable\7.14.0\datatable-7.14.0.jar;C:\Users\Maxxi\.m2\repository\io\cucumber\cucumber-plugin\7.14.0\cucumber-plugin-7.14.0.jar;C:\Users\Maxxi\.m2\repository\io\cucumber\docstring\7.14.0\docstring-7.14.0.jar;C:\Users\Maxxi\.m2\repository\io\cucumber\html-formatter\20.4.0\html-formatter-20.4.0.jar;C:\Users\Maxxi\.m2\repository\io\cucumber\junit-xml-formatter\0.2.0\junit-xml-formatter-0.2.0.jar;C:\Users\Maxxi\.m2\repository\io\cucumber\ci-environment\9.2.0\ci-environment-9.2.0.jar;C:\Users\Maxxi\.m2\repository\org\apiguardian\apiguardian-api\1.1.2\apiguardian-api-1.1.2.jar;C:\Users\Maxxi\.m2\repository\io\cucumber\cucumber-testng\7.14.0\cucumber-testng-7.14.0.jar;C:\Users\Maxxi\.m2\repository\net\masterthought\cucumber-reporting\5.7.0\cucumber-reporting-5.7.0.jar;C:\Users\Maxxi\.m2\repository\com\fasterxml\jackson\datatype\jackson-datatype-jsr310\2.13.0\jackson-datatype-jsr310-2.13.0.jar;C:\Users\Maxxi\.m2\repository\org\apache\velocity\velocity-engine-core\2.3\velocity-engine-core-2.3.jar;C:\Users\Maxxi\.m2\repository\commons-collections\commons-collections\3.2.2\commons-collections-3.2.2.jar;C:\Users\Maxxi\.m2\repository\joda-time\joda-time\2.10.10\joda-time-2.10.10.jar;C:\Users\Maxxi\.m2\repository\org\apache\commons\commons-lang3\3.12.0\commons-lang3-3.12.0.jar;C:\Users\Maxxi\.m2\repository\commons-io\commons-io\2.7\commons-io-2.7.jar;C:\Users\Maxxi\.m2\repository\org\codehaus\plexus\plexus-utils\3.3.0\plexus-utils-3.3.0.jar;C:\Users\Maxxi\.m2\repository\org\jsoup\jsoup\1.14.2\jsoup-1.14.2.jar;C:\Users\Maxxi\.m2\repository\com\googlecode\owasp-java-html-sanitizer\owasp-java-html-sanitizer\20211018.2\owasp-java-html-sanitizer-20211018.2.jar;C:\Users\Maxxi\.m2\repository\commons-configuration\commons-configuration\1.10\commons-configuration-1.10.jar;C:\Users\Maxxi\.m2\repository\commons-lang\commons-lang\2.6\commons-lang-2.6.jar;C:\Users\Maxxi\.m2\repository\io\github\cdimascio\dotenv-java\3.2.0\dotenv-java-3.2.0.jar;C:\Users\Maxxi\.m2\repository\io\cucumber\cucumber-picocontainer\7.22.2\cucumber-picocontainer-7.22.2.jar;C:\Users\Maxxi\.m2\repository\org\picocontainer\picocontainer\2.15.2\picocontainer-2.15.2.jar;"/>
    <property name="sun.cpu.endian" value="little"/>
    <property name="user.home" value="C:\Users\Maxxi"/>
    <property name="user.language" value="en"/>
    <property name="sun.stderr.encoding" value="cp437"/>
    <property name="java.specification.vendor" value="Oracle Corporation"/>
    <property name="java.version.date" value="2024-07-16"/>
    <property name="java.home" value="C:\Program Files\Java\jdk-17"/>
    <property name="file.separator" value="\"/>
    <property name="basedir" value="C:\Users\Maxxi\maven-project\afteroffice-selenium\testng"/>
    <property name="java.vm.compressedOopsMode" value="Zero based"/>
    <property name="line.separator" value="&#10;"/>
    <property name="sun.stdout.encoding" value="cp437"/>
    <property name="java.vm.specification.vendor" value="Oracle Corporation"/>
    <property name="java.specification.name" value="Java Platform API Specification"/>
    <property name="user.script" value=""/>
    <property name="sun.management.compiler" value="HotSpot 64-Bit Tiered Compilers"/>
    <property name="java.runtime.version" value="17.0.12+8-LTS-286"/>
    <property name="user.name" value="Owner"/>
    <property name="path.separator" value=";"/>
    <property name="os.version" value="10.0"/>
    <property name="java.runtime.name" value="Java(TM) SE Runtime Environment"/>
    <property name="file.encoding" value="Cp1252"/>
    <property name="guice.disable.misplaced.annotation.check" value="true"/>
    <property name="java.vm.name" value="Java HotSpot(TM) 64-Bit Server VM"/>
    <property name="localRepository" value="C:\Users\Maxxi\.m2\repository"/>
    <property name="java.vendor.url.bug" value="https://bugreport.java.com/bugreport/"/>
    <property name="suiteXml" value="src\test\resources\cucumber_suite.xml"/>
    <property name="java.io.tmpdir" value="C:\Users\Maxxi\AppData\Local\Temp\"/>
    <property name="java.version" value="17.0.12"/>
    <property name="user.dir" value="C:\Users\Maxxi\maven-project\afteroffice-selenium\testng"/>
    <property name="os.arch" value="amd64"/>
    <property name="maven.multiModuleProjectDirectory" value="C:\Users\Maxxi\maven-project\afteroffice-selenium\testng"/>
    <property name="java.vm.specification.name" value="Java Virtual Machine Specification"/>
    <property name="sun.os.patch.level" value=""/>
    <property name="native.encoding" value="Cp1252"/>
    <property name="java.library.path" value="C:\Program Files\Java\jdk-17\bin;C:\WINDOWS\Sun\Java\bin;C:\WINDOWS\system32;C:\WINDOWS;C:\Program Files\Java\jdk-17\bin;C:\Program Files\Python313\Scripts\;C:\Program Files\Python313\;C:\Windows\system32;C:\Windows;C:\Windows\System32\Wbem;C:\Windows\System32\WindowsPowerShell\v1.0\;C:\Windows\System32\OpenSSH\;C:\Program Files (x86)\NVIDIA Corporation\PhysX\Common;C:\Program Files\NVIDIA Corporation\NVIDIA NvDLISR;C:\WINDOWS\system32;C:\WINDOWS;C:\WINDOWS\System32\Wbem;C:\WINDOWS\System32\WindowsPowerShell\v1.0\;C:\WINDOWS\System32\OpenSSH\;C:\Program Files\nodejs\;C:\Program Files\Git\cmd;C:\Users\Maxxi\webdriver;C:\Users\Maxxi\AppData\Local\Android\Sdk\platform-tools;D:\Downloads\apache-jmeter-5.6.3\apache-jmeter-5.6.3\bin;C:\Program Files\Common Files\Oracle\Java\javapath;C:\Program Files\apache-maven-3.9.9\bin;C:\Users\Maxxi\AppData\Local\Microsoft\WindowsApps;C:\Users\Maxxi\AppData\Roaming\npm;C:\Users\Maxxi\AppData\Local\Programs\Microsoft VS Code\bin;;c:\Users\Maxxi\.vscode\extensions\ms-python.debugpy-2025.8.0-win32-x64\bundled\scripts\noConfigScripts;c:\Users\Maxxi\.vscode\extensions\d-biehl.robotcode-1.2.0\bundled\scripts;."/>
    <property name="java.vm.info" value="mixed mode, sharing"/>
    <property name="java.vendor" value="Oracle Corporation"/>
    <property name="java.vm.version" value="17.0.12+8-LTS-286"/>
    <property name="classworlds.conf" value="C:\Program Files\apache-maven-3.9.9\bin\m2.conf"/>
    <property name="sun.io.unicode.encoding" value="UnicodeLittle"/>
    <property name="library.jansi.path" value="C:\Program Files\apache-maven-3.9.9\lib\jansi-native"/>
    <property name="java.class.version" value="61.0"/>
  </properties>
  <testcase name="runScenario[&quot;Add a new Object with valid data&quot;, &quot;Add Object via API with authentication&quot;](1)" classname="cucumber.runners.CucumberRunner" time="3.996">
    <system-out><![CDATA[
@withLogin
Scenario: Add a new Object with valid data                # src/test/java/cucumber/features/add_object.feature:7
Login Response body: {
    "token": "eyJhbGciOiJIUzI1NiIsInR5cCI6IkpXVCJ9.eyJpZCI6IjI1NSIsImlhdCI6MTc0ODY2NzMwOH0.qKvaRdjqyQoD1Hx9nRoDek77RWhLNgYQdxevvhR_i8U"
}
Sending POST request to: https://whitesmokehouse.com/webhook/api/objects
  When I send "POST" request to "/api/objects" with body: # cucumber.definitions.AddObject.sendHttpRequest(java.lang.String,java.lang.String,java.lang.String)
  Then The add response status code should be 200         # cucumber.definitions.AddObject.verifyResponseStatusCode(int)
  And The add response id should not be null              # cucumber.definitions.AddObject.verifyResponseIdNotNull()
  And I save the object ID                                # cucumber.definitions.AddObject.saveObjectId()
  And The add response name should be "Tab Galaxy S10"    # cucumber.definitions.AddObject.verifyResponseName(java.lang.String)
  And The add response year should be "2025"              # cucumber.definitions.AddObject.verifyResponseYear(java.lang.String)
  And The add response price should be 3000               # cucumber.definitions.AddObject.verifyResponsePrice(int)
  And The add response cpu model should be "iOS 17"       # cucumber.definitions.AddObject.verifyResponseCpuModel(java.lang.String)
  And The add response hard disk size should be "1 TB"    # cucumber.definitions.AddObject.verifyResponseHardDiskSize(java.lang.String)
  And The add response capacity should be "255"           # cucumber.definitions.AddObject.verifyResponseCapacity(java.lang.String)
  And The add response screen size should be "7"          # cucumber.definitions.AddObject.verifyResponseScreenSize(java.lang.String)
  And The add response color should be "Black"            # cucumber.definitions.AddObject.verifyResponseColor(java.lang.String)
]]></system-out>
    <system-err><![CDATA[SLF4J(W): No SLF4J providers were found.
SLF4J(W): Defaulting to no-operation (NOP) logger implementation
SLF4J(W): See https://www.slf4j.org/codes.html#noProviders for further details.
]]></system-err>
  </testcase>
  <testcase name="runScenario[&quot;Delete an existing object&quot;, &quot;Delete Object via API with authentication&quot;](2)" classname="cucumber.runners.CucumberRunner" time="2.582">
    <system-out><![CDATA[
@withLogin
Scenario: Delete an existing object                                                               # src/test/java/cucumber/features/delete_object.feature:7
Login Response body: {
    "token": "eyJhbGciOiJIUzI1NiIsInR5cCI6IkpXVCJ9.eyJpZCI6IjI1NSIsImlhdCI6MTc0ODY2NzMxMX0.5A6GwfRHDLbTgnWABM2MUEkfuQ-dGoLZ4xdHNHm5hmc"
}
Sending GET request to: https://whitesmokehouse.com/webhook/api/objects/
  Given I send "GET" request to "/api/objects/" with body:                                        # cucumber.definitions.AddObject.sendHttpRequest(java.lang.String,java.lang.String,java.lang.String)
Saving the first id of an existing object.
  And I save the first id of existing Object                                                      # cucumber.definitions.UpdateObject.saveFirstIdOfExistingObject()
First Object ID: 1031
First Object ID: 1031
Sending DELETE request to: https://whitesmokehouse.com/webhook/d79a30ed-1066-48b6-83f5-556120afc46f/api/objects/1031
  When I send "DELETE" request to "/d79a30ed-1066-48b6-83f5-556120afc46f/api/objects/" with body: # cucumber.definitions.AddObject.sendHttpRequest(java.lang.String,java.lang.String,java.lang.String)
  Then The delete response status code should be 200                                              # cucumber.definitions.DeleteObject.verifyDeleteResponseStatusCode(int)
  And The delete response status should be "deleted"                                              # cucumber.definitions.DeleteObject.verifyDeleteResponseStatus(java.lang.String)
First Object ID: 1031
  And The delete response message should be "delete-message-positive"                             # cucumber.definitions.DeleteObject.verifyDeleteResponseMessage(java.lang.String)
]]></system-out>
  </testcase>
  <testcase name="runScenario[&quot;Delete a deleted object&quot;, &quot;Delete Object via API with authentication&quot;](3)" classname="cucumber.runners.CucumberRunner" time="1.329">
    <system-out><![CDATA[
@withLogin
Scenario: Delete a deleted object                                                                 # src/test/java/cucumber/features/delete_object.feature:22
Login Response body: {
    "token": "eyJhbGciOiJIUzI1NiIsInR5cCI6IkpXVCJ9.eyJpZCI6IjI1NSIsImlhdCI6MTc0ODY2NzMxM30.v27FdeDIP2dJolRn12mNJ36oocoMauBc3Oo2DrtMqMg"
}
First Object ID: 1031
First Object ID: 1031
Sending DELETE request to: https://whitesmokehouse.com/webhook/d79a30ed-1066-48b6-83f5-556120afc46f/api/objects/1031
  When I send "DELETE" request to "/d79a30ed-1066-48b6-83f5-556120afc46f/api/objects/" with body: # cucumber.definitions.AddObject.sendHttpRequest(java.lang.String,java.lang.String,java.lang.String)
  Then The delete response status code should be 200                                              # cucumber.definitions.DeleteObject.verifyDeleteResponseStatusCode(int)
  And The delete response status should be "failed"                                               # cucumber.definitions.DeleteObject.verifyDeleteResponseStatus(java.lang.String)
First Object ID: 1031
  And The delete response message should be "delete-message-negative"                             # cucumber.definitions.DeleteObject.verifyDeleteResponseMessage(java.lang.String)
]]></system-out>
  </testcase>
  <testcase name="runScenario[&quot;Update an existing Object with valid data&quot;, &quot;Update Object via API with authentication&quot;](4)" classname="cucumber.runners.CucumberRunner" time="1.414">
    <system-out><![CDATA[
@withLogin
Scenario: Update an existing Object with valid data                                            # src/test/java/cucumber/features/update_object.feature:7
Login Response body: {
    "token": "eyJhbGciOiJIUzI1NiIsInR5cCI6IkpXVCJ9.eyJpZCI6IjI1NSIsImlhdCI6MTc0ODY2NzMxNX0.I0xVUGF7_72tCBEEJXQrOdiuPWyvUXPuhUH_CnTErOQ"
}
Successful Added Object with ID: 1032
Successful Added Object with ID: 1032
Sending PUT request to: https://whitesmokehouse.com/webhook/37777abe-a5ef-4570-a383-c99b5f5f7906/api/objects/1032
  When I send "PUT" request to "/37777abe-a5ef-4570-a383-c99b5f5f7906/api/objects/" with body: # cucumber.definitions.AddObject.sendHttpRequest(java.lang.String,java.lang.String,java.lang.String)
  Then The update response status code should be 200                                           # cucumber.definitions.UpdateObject.verifyUpdateResponseStatusCode(int)
Update response ID: 1032
  And The update response id should not be null                                                # cucumber.definitions.UpdateObject.verifyUpdateResponseIdNotNull()
  And The update response name should be "Samsung Flip 17"                                     # cucumber.definitions.UpdateObject.verifyUpdateResponseName(java.lang.String)
  And The update response year should be "2029"                                                # cucumber.definitions.UpdateObject.verifyUpdateResponseYear(java.lang.String)
  And The update response price should be 20987.72                                             # cucumber.definitions.UpdateObject.verifyUpdateResponsePrice(java.lang.Double)
  And The update response cpu model should be "Exynos"                                         # cucumber.definitions.UpdateObject.verifyUpdateResponseCpuModel(java.lang.String)
  And The update response hard disk size should be "2 GB"                                      # cucumber.definitions.UpdateObject.verifyUpdateResponseHardDiskSize(java.lang.String)
  And The update response capacity should be "120"                                             # cucumber.definitions.UpdateObject.verifyUpdateResponseCapacity(java.lang.String)
  And The update response screen size should be "7.6"                                          # cucumber.definitions.UpdateObject.verifyUpdateResponseScreenSize(java.lang.String)
  And The update response color should be "Purple"                                             # cucumber.definitions.UpdateObject.verifyUpdateResponseColor(java.lang.String)
]]></system-out>
  </testcase>
</testsuite>