<?xml version="1.0" encoding="UTF-8"?>
<testsuite xmlns:xsi="http://www.w3.org/2001/XMLSchema-instance" xsi:noNamespaceSchemaLocation="https://maven.apache.org/surefire/maven-surefire-plugin/xsd/surefire-test-report.xsd" version="3.0.2" name="TestSuite" time="9.723" tests="8" errors="0" skipped="0" failures="0">
  <properties>
    <property name="java.specification.version" value="17"/>
    <property name="sun.cpu.isalist" value="amd64"/>
    <property name="sun.jnu.encoding" value="Cp1252"/>
    <property name="java.class.path" value="C:\Program Files\apache-maven-3.9.9\boot\plexus-classworlds-2.8.0.jar"/>
    <property name="java.vm.vendor" value="Oracle Corporation"/>
    <property name="sun.arch.data.model" value="64"/>
    <property name="user.variant" value=""/>
    <property name="java.vendor.url" value="https://java.oracle.com/"/>
    <property name="user.timezone" value="Asia/Jakarta"/>
    <property name="maven.conf" value="C:\Program Files\apache-maven-3.9.9/conf"/>
    <property name="java.vm.specification.version" value="17"/>
    <property name="os.name" value="Windows 11"/>
    <property name="sun.java.launcher" value="SUN_STANDARD"/>
    <property name="user.country" value="ID"/>
    <property name="sun.boot.library.path" value="C:\Program Files\Java\jdk-17\bin"/>
    <property name="sun.java.command" value="org.codehaus.plexus.classworlds.launcher.Launcher test -DsuiteXml=src\test\resources\testng_pojo_e2e.xml"/>
    <property name="jdk.debug" value="release"/>
    <property name="maven.home" value="C:\Program Files\apache-maven-3.9.9"/>
    <property name="surefire.test.class.path" value="C:\Users\Maxxi\maven-project\afteroffice-selenium\testng\target\test-classes;C:\Users\Maxxi\maven-project\afteroffice-selenium\testng\target\classes;C:\Users\Maxxi\.m2\repository\org\testng\testng\7.11.0\testng-7.11.0.jar;C:\Users\Maxxi\.m2\repository\org\slf4j\slf4j-api\2.0.16\slf4j-api-2.0.16.jar;C:\Users\Maxxi\.m2\repository\org\jcommander\jcommander\1.83\jcommander-1.83.jar;C:\Users\Maxxi\.m2\repository\org\webjars\jquery\3.7.1\jquery-3.7.1.jar;C:\Users\Maxxi\.m2\repository\io\rest-assured\rest-assured\5.5.2\rest-assured-5.5.2.jar;C:\Users\Maxxi\.m2\repository\org\apache\groovy\groovy\4.0.22\groovy-4.0.22.jar;C:\Users\Maxxi\.m2\repository\org\apache\groovy\groovy-xml\4.0.22\groovy-xml-4.0.22.jar;C:\Users\Maxxi\.m2\repository\org\apache\httpcomponents\httpclient\4.5.13\httpclient-4.5.13.jar;C:\Users\Maxxi\.m2\repository\org\apache\httpcomponents\httpcore\4.4.13\httpcore-4.4.13.jar;C:\Users\Maxxi\.m2\repository\commons-logging\commons-logging\1.2\commons-logging-1.2.jar;C:\Users\Maxxi\.m2\repository\commons-codec\commons-codec\1.11\commons-codec-1.11.jar;C:\Users\Maxxi\.m2\repository\org\apache\httpcomponents\httpmime\4.5.13\httpmime-4.5.13.jar;C:\Users\Maxxi\.m2\repository\org\hamcrest\hamcrest\2.2\hamcrest-2.2.jar;C:\Users\Maxxi\.m2\repository\org\ccil\cowan\tagsoup\tagsoup\1.2.1\tagsoup-1.2.1.jar;C:\Users\Maxxi\.m2\repository\io\rest-assured\json-path\5.5.2\json-path-5.5.2.jar;C:\Users\Maxxi\.m2\repository\org\apache\groovy\groovy-json\4.0.22\groovy-json-4.0.22.jar;C:\Users\Maxxi\.m2\repository\io\rest-assured\rest-assured-common\5.5.2\rest-assured-common-5.5.2.jar;C:\Users\Maxxi\.m2\repository\io\rest-assured\xml-path\5.5.2\xml-path-5.5.2.jar;C:\Users\Maxxi\.m2\repository\org\apache\commons\commons-lang3\3.16.0\commons-lang3-3.16.0.jar;C:\Users\Maxxi\.m2\repository\org\projectlombok\lombok\1.18.38\lombok-1.18.38.jar;C:\Users\Maxxi\.m2\repository\com\fasterxml\jackson\core\jackson-databind\2.19.0\jackson-databind-2.19.0.jar;C:\Users\Maxxi\.m2\repository\com\fasterxml\jackson\core\jackson-annotations\2.19.0\jackson-annotations-2.19.0.jar;C:\Users\Maxxi\.m2\repository\com\fasterxml\jackson\core\jackson-core\2.19.0\jackson-core-2.19.0.jar;C:\Users\Maxxi\.m2\repository\io\rest-assured\json-schema-validator\5.3.2\json-schema-validator-5.3.2.jar;C:\Users\Maxxi\.m2\repository\com\github\java-json-tools\json-schema-validator\2.2.14\json-schema-validator-2.2.14.jar;C:\Users\Maxxi\.m2\repository\com\github\java-json-tools\jackson-coreutils-equivalence\1.0\jackson-coreutils-equivalence-1.0.jar;C:\Users\Maxxi\.m2\repository\com\github\java-json-tools\jackson-coreutils\2.0\jackson-coreutils-2.0.jar;C:\Users\Maxxi\.m2\repository\com\github\java-json-tools\msg-simple\1.2\msg-simple-1.2.jar;C:\Users\Maxxi\.m2\repository\com\github\java-json-tools\btf\1.3\btf-1.3.jar;C:\Users\Maxxi\.m2\repository\com\github\java-json-tools\json-schema-core\1.2.14\json-schema-core-1.2.14.jar;C:\Users\Maxxi\.m2\repository\com\github\java-json-tools\uri-template\0.10\uri-template-0.10.jar;C:\Users\Maxxi\.m2\repository\org\mozilla\rhino\1.7.7.2\rhino-1.7.7.2.jar;C:\Users\Maxxi\.m2\repository\com\sun\mail\mailapi\1.6.2\mailapi-1.6.2.jar;C:\Users\Maxxi\.m2\repository\joda-time\joda-time\2.10.5\joda-time-2.10.5.jar;C:\Users\Maxxi\.m2\repository\com\googlecode\libphonenumber\libphonenumber\8.11.1\libphonenumber-8.11.1.jar;C:\Users\Maxxi\.m2\repository\com\google\code\findbugs\jsr305\3.0.2\jsr305-3.0.2.jar;C:\Users\Maxxi\.m2\repository\net\sf\jopt-simple\jopt-simple\5.0.4\jopt-simple-5.0.4.jar;C:\Users\Maxxi\.m2\repository\com\google\guava\guava\32.0.1-jre\guava-32.0.1-jre.jar;C:\Users\Maxxi\.m2\repository\com\google\guava\failureaccess\1.0.1\failureaccess-1.0.1.jar;C:\Users\Maxxi\.m2\repository\com\google\guava\listenablefuture\9999.0-empty-to-avoid-conflict-with-guava\listenablefuture-9999.0-empty-to-avoid-conflict-with-guava.jar;C:\Users\Maxxi\.m2\repository\org\checkerframework\checker-qual\3.33.0\checker-qual-3.33.0.jar;C:\Users\Maxxi\.m2\repository\com\google\errorprone\error_prone_annotations\2.18.0\error_prone_annotations-2.18.0.jar;C:\Users\Maxxi\.m2\repository\com\google\j2objc\j2objc-annotations\2.8\j2objc-annotations-2.8.jar;"/>
    <property name="sun.cpu.endian" value="little"/>
    <property name="user.home" value="C:\Users\Maxxi"/>
    <property name="user.language" value="en"/>
    <property name="sun.stderr.encoding" value="cp437"/>
    <property name="java.specification.vendor" value="Oracle Corporation"/>
    <property name="java.version.date" value="2024-07-16"/>
    <property name="java.home" value="C:\Program Files\Java\jdk-17"/>
    <property name="file.separator" value="\"/>
    <property name="basedir" value="C:\Users\Maxxi\maven-project\afteroffice-selenium\testng"/>
    <property name="java.vm.compressedOopsMode" value="Zero based"/>
    <property name="line.separator" value="&#10;"/>
    <property name="sun.stdout.encoding" value="cp437"/>
    <property name="java.vm.specification.vendor" value="Oracle Corporation"/>
    <property name="java.specification.name" value="Java Platform API Specification"/>
    <property name="user.script" value=""/>
    <property name="sun.management.compiler" value="HotSpot 64-Bit Tiered Compilers"/>
    <property name="java.runtime.version" value="17.0.12+8-LTS-286"/>
    <property name="user.name" value="Owner"/>
    <property name="path.separator" value=";"/>
    <property name="os.version" value="10.0"/>
    <property name="java.runtime.name" value="Java(TM) SE Runtime Environment"/>
    <property name="file.encoding" value="Cp1252"/>
    <property name="guice.disable.misplaced.annotation.check" value="true"/>
    <property name="java.vm.name" value="Java HotSpot(TM) 64-Bit Server VM"/>
    <property name="localRepository" value="C:\Users\Maxxi\.m2\repository"/>
    <property name="java.vendor.url.bug" value="https://bugreport.java.com/bugreport/"/>
    <property name="suiteXml" value="src\test\resources\testng_pojo_e2e.xml"/>
    <property name="java.io.tmpdir" value="C:\Users\Maxxi\AppData\Local\Temp\"/>
    <property name="java.version" value="17.0.12"/>
    <property name="user.dir" value="C:\Users\Maxxi\maven-project\afteroffice-selenium\testng"/>
    <property name="os.arch" value="amd64"/>
    <property name="maven.multiModuleProjectDirectory" value="C:\Users\Maxxi\maven-project\afteroffice-selenium\testng"/>
    <property name="java.vm.specification.name" value="Java Virtual Machine Specification"/>
    <property name="sun.os.patch.level" value=""/>
    <property name="native.encoding" value="Cp1252"/>
    <property name="java.library.path" value="C:\Program Files\Java\jdk-17\bin;C:\WINDOWS\Sun\Java\bin;C:\WINDOWS\system32;C:\WINDOWS;C:\Program Files\Java\jdk-17\bin;C:\Program Files\Python313\Scripts\;C:\Program Files\Python313\;C:\Windows\system32;C:\Windows;C:\Windows\System32\Wbem;C:\Windows\System32\WindowsPowerShell\v1.0\;C:\Windows\System32\OpenSSH\;C:\Program Files (x86)\NVIDIA Corporation\PhysX\Common;C:\Program Files\NVIDIA Corporation\NVIDIA NvDLISR;C:\WINDOWS\system32;C:\WINDOWS;C:\WINDOWS\System32\Wbem;C:\WINDOWS\System32\WindowsPowerShell\v1.0\;C:\WINDOWS\System32\OpenSSH\;C:\Program Files\nodejs\;C:\Program Files\Git\cmd;C:\Users\Maxxi\webdriver;C:\Users\Maxxi\AppData\Local\Android\Sdk\platform-tools;D:\Downloads\apache-jmeter-5.6.3\apache-jmeter-5.6.3\bin;C:\Program Files\Common Files\Oracle\Java\javapath;C:\Program Files\apache-maven-3.9.9\bin;C:\Users\Maxxi\AppData\Local\Microsoft\WindowsApps;C:\Users\Maxxi\AppData\Roaming\npm;C:\Users\Maxxi\AppData\Local\Programs\Microsoft VS Code\bin;;c:\Users\Maxxi\.vscode\extensions\ms-python.debugpy-2025.8.0-win32-x64\bundled\scripts\noConfigScripts;c:\Users\Maxxi\AppData\Roaming\Code\User\globalStorage\github.copilot-chat\debugCommand;c:\Users\Maxxi\.vscode\extensions\d-biehl.robotcode-1.2.0\bundled\scripts;."/>
    <property name="java.vm.info" value="mixed mode, sharing"/>
    <property name="java.vendor" value="Oracle Corporation"/>
    <property name="java.vm.version" value="17.0.12+8-LTS-286"/>
    <property name="classworlds.conf" value="C:\Program Files\apache-maven-3.9.9\bin\m2.conf"/>
    <property name="sun.io.unicode.encoding" value="UnicodeLittle"/>
    <property name="library.jansi.path" value="C:\Program Files\apache-maven-3.9.9\lib\jansi-native"/>
    <property name="java.class.version" value="61.0"/>
  </properties>
  <testcase name="RegisterUser" classname="scenario_e2e.pojo.PojoRegisterUserE2E" time="3.026">
    <system-out><![CDATA[Request method:	POST
Request URI:	https://whitesmokehouse.com/webhook/api/register
Proxy:			<none>
Request params:	<none>
Query params:	<none>
Form params:	<none>
Path params:	<none>
Headers:		Accept=*/*
				Content-Type=application/json
Cookies:		<none>
Multiparts:		<none>
Body:
{
    "email": "mamang_38@gmail.com",
    "full_name": "Mamang Hidayat",
    "password": "t@st12345",
    "department": "Human Resource",
    "phone_number": "08123456789"
}
Response: {
    "id": "601",
    "email": "mamang_38@gmail.com",
    "full_name": "Mamang Hidayat",
    "department": "Human Resource",
    "phone_number": "08123456789",
    "create_at": "2025-05-24T10:49:07.173Z",
    "update_at": "2025-05-24T10:49:07.173Z"
}
Response: {
    "id": "601",
    "email": "mamang_38@gmail.com",
    "full_name": "Mamang Hidayat",
    "department": "Human Resource",
    "phone_number": "08123456789",
    "create_at": "2025-05-24T10:49:07.173Z",
    "update_at": "2025-05-24T10:49:07.173Z"
}
]]></system-out>
    <system-err><![CDATA[SLF4J(W): No SLF4J providers were found.
SLF4J(W): Defaulting to no-operation (NOP) logger implementation
SLF4J(W): See https://www.slf4j.org/codes.html#noProviders for further details.
]]></system-err>
  </testcase>
  <testcase name="LoginUser" classname="scenario_e2e.pojo.PojoRegisterUserE2E" time="1.176">
    <system-out><![CDATA[Request method:	POST
Request URI:	https://whitesmokehouse.com/webhook/api/login
Proxy:			<none>
Request params:	<none>
Query params:	<none>
Form params:	<none>
Path params:	<none>
Headers:		Accept=*/*
				Content-Type=application/json
Cookies:		<none>
Multiparts:		<none>
Body:
{
    "email": "mamang_38@gmail.com",
    "full_name": "Mamang Hidayat",
    "password": "t@st12345",
    "department": "Human Resource",
    "phone_number": "08123456789"
}
Response: {
    "token": "eyJhbGciOiJIUzI1NiIsInR5cCI6IkpXVCJ9.eyJpZCI6IjYwMSIsImlhdCI6MTc0ODA4Mzc0OH0.b2JsrcZynKPSGmbW6SVZPQbY8CW5WwAslob2BsT-3jY"
}
]]></system-out>
  </testcase>
  <testcase name="addObject" classname="scenario_e2e.pojo.PojoAddObjectE2E" time="1.485">
    <system-out><![CDATA[Request method:	POST
Request URI:	https://whitesmokehouse.com/webhook/api/objects
Proxy:			<none>
Request params:	<none>
Query params:	<none>
Form params:	<none>
Path params:	<none>
Headers:		Authorization=Bearer eyJhbGciOiJIUzI1NiIsInR5cCI6IkpXVCJ9.eyJpZCI6IjYwMSIsImlhdCI6MTc0ODA4Mzc0OH0.b2JsrcZynKPSGmbW6SVZPQbY8CW5WwAslob2BsT-3jY
				Accept=*/*
				Content-Type=application/json
Cookies:		<none>
Multiparts:		<none>
Body:
{
    "name": "Samsung A53 5G",
    "data": {
        "year": "2022",
        "price": 3000.0,
        "cpu_model": "Exynos",
        "hard_disk_size": "256 GB",
        "capacity": "123",
        "screen_size": "5",
        "color": "Black"
    }
}
Object has been added successfully with ID: 490
Response: [
    {
        "id": 490,
        "name": "Samsung A53 5G",
        "data": {
            "year": "2022",
            "price": 3000,
            "cpu_model": "Exynos",
            "hard_disk_size": "256 GB",
            "color": "Black",
            "capacity": "123",
            "screen_size": "5"
        }
    }
]
]]></system-out>
  </testcase>
  <testcase name="getListObjectbyId" classname="scenario_e2e.pojo.PojoAddObjectE2E" time="0.734">
    <system-out><![CDATA[Request method:	GET
Request URI:	https://whitesmokehouse.com/webhook/api/objectslistId?id=490
Proxy:			<none>
Request params:	<none>
Query params:	<none>
Form params:	<none>
Path params:	<none>
Headers:		Authorization=Bearer eyJhbGciOiJIUzI1NiIsInR5cCI6IkpXVCJ9.eyJpZCI6IjYwMSIsImlhdCI6MTc0ODA4Mzc0OH0.b2JsrcZynKPSGmbW6SVZPQbY8CW5WwAslob2BsT-3jY
				Accept=*/*
				Content-Type=application/json
Cookies:		<none>
Multiparts:		<none>
Body:			<none>
Validate Get List By ID: 490
Response: [
    {
        "id": 490,
        "name": "Samsung A53 5G",
        "data": {
            "year": "2022",
            "price": "3000",
            "cpu_model": "Exynos",
            "hard_disk_size": "256 GB",
            "color": "Black",
            "capacity": 123,
            "screen_size": 5
        }
    }
]
]]></system-out>
  </testcase>
  <testcase name="getSingleObject" classname="scenario_e2e.pojo.PojoAddObjectE2E" time="0.677">
    <system-out><![CDATA[Request method:	GET
Request URI:	https://whitesmokehouse.com/webhook/8749129e-f5f7-4ae6-9b03-93be7252443c/api/objects/490
Proxy:			<none>
Request params:	<none>
Query params:	<none>
Form params:	<none>
Path params:	<none>
Headers:		Authorization=Bearer eyJhbGciOiJIUzI1NiIsInR5cCI6IkpXVCJ9.eyJpZCI6IjYwMSIsImlhdCI6MTc0ODA4Mzc0OH0.b2JsrcZynKPSGmbW6SVZPQbY8CW5WwAslob2BsT-3jY
				Accept=*/*
				Content-Type=application/json
Cookies:		<none>
Multiparts:		<none>
Body:			<none>
Validate Get Single Object for ID: 490
Response: {
    "id": 490,
    "name": "Samsung A53 5G",
    "data": {
        "year": "2022",
        "price": "3000",
        "cpu_model": "Exynos",
        "hard_disk_size": "256 GB",
        "color": "Black",
        "capacity": 123,
        "screen_size": 5
    }
}
]]></system-out>
  </testcase>
  <testcase name="deleteObject" classname="scenario_e2e.pojo.PojoDeleteObjectE2E" time="0.666">
    <system-out><![CDATA[Request method:	DELETE
Request URI:	https://whitesmokehouse.com/webhook/d79a30ed-1066-48b6-83f5-556120afc46f/api/objects/490
Proxy:			<none>
Request params:	<none>
Query params:	<none>
Form params:	<none>
Path params:	<none>
Headers:		Authorization=Bearer eyJhbGciOiJIUzI1NiIsInR5cCI6IkpXVCJ9.eyJpZCI6IjYwMSIsImlhdCI6MTc0ODA4Mzc0OH0.b2JsrcZynKPSGmbW6SVZPQbY8CW5WwAslob2BsT-3jY
				Accept=*/*
				Content-Type=application/json
Cookies:		<none>
Multiparts:		<none>
Body:			<none>
Validate Delete Object for ID: 490
Response: {
    "status": "deleted",
    "message": "Object with id = 490, has been deleted."
}
]]></system-out>
  </testcase>
  <testcase name="getListObjectbyId" classname="scenario_e2e.pojo.PojoDeleteObjectE2E" time="0.651">
    <system-out><![CDATA[Request method:	GET
Request URI:	https://whitesmokehouse.com/webhook/api/objectslistId?id=490
Proxy:			<none>
Request params:	<none>
Query params:	<none>
Form params:	<none>
Path params:	<none>
Headers:		Authorization=Bearer eyJhbGciOiJIUzI1NiIsInR5cCI6IkpXVCJ9.eyJpZCI6IjYwMSIsImlhdCI6MTc0ODA4Mzc0OH0.b2JsrcZynKPSGmbW6SVZPQbY8CW5WwAslob2BsT-3jY
				Accept=*/*
				Content-Type=application/json
Cookies:		<none>
Multiparts:		<none>
Body:			<none>
Validate Get List By the Deleted ID: 490
]]></system-out>
  </testcase>
  <testcase name="getSingleObject" classname="scenario_e2e.pojo.PojoDeleteObjectE2E" time="0.648">
    <system-out><![CDATA[Request method:	GET
Request URI:	https://whitesmokehouse.com/webhook/8749129e-f5f7-4ae6-9b03-93be7252443c/api/objects/490
Proxy:			<none>
Request params:	<none>
Query params:	<none>
Form params:	<none>
Path params:	<none>
Headers:		Authorization=Bearer eyJhbGciOiJIUzI1NiIsInR5cCI6IkpXVCJ9.eyJpZCI6IjYwMSIsImlhdCI6MTc0ODA4Mzc0OH0.b2JsrcZynKPSGmbW6SVZPQbY8CW5WwAslob2BsT-3jY
				Accept=*/*
				Content-Type=application/json
Cookies:		<none>
Multiparts:		<none>
Body:			<none>
Validate Get Single Object for the Deleted ID: 490
]]></system-out>
  </testcase>
</testsuite>