<?xml version="1.0" encoding="UTF-8"?>
<!-- Generated by org.testng.reporters.JUnitReportReporter -->
<testsuite hostname="LAPTOP-66B9Q4LL" failures="0" tests="5" name="selenium.Locator" time="7.346" errors="0" timestamp="2025-06-16T13:25:50 WIB" skipped="0">
  <testcase classname="selenium.Locator" name="accessLoginPage" time="0.048"/>
  <testcase classname="selenium.Locator" name="clickLoginButton" time="2.170"/>
  <testcase classname="selenium.Locator" name="loggedInValidation" time="0.389"/>
  <testcase classname="selenium.Locator" name="fillThePassword" time="2.374"/>
  <testcase classname="selenium.Locator" name="fillTheEmail" time="2.365"/>
</testsuite> <!-- selenium.Locator -->
