<?xml version="1.0" encoding="UTF-8"?>
<!-- Generated by org.testng.reporters.JUnitReportReporter -->
<testsuite hostname="LAPTOP-66B9Q4LL" failures="0" tests="1" name="testng.AssertTest" time="0.013" errors="0" timestamp="2025-05-25T16:58:02 WIB" skipped="0">
  <testcase classname="testng.AssertTest" name="testMethod" time="0.013"/>
</testsuite> <!-- testng.AssertTest -->
