<?xml version="1.0" encoding="UTF-8"?>
<!-- Generated by org.testng.reporters.JUnitReportReporter -->
<testsuite hostname="LAPTOP-66B9Q4LL" failures="0" tests="3" name="scenario_e2e.DeleteObjectE2E" time="2.436" errors="0" timestamp="2025-05-24T17:29:55 WIB" skipped="0">
  <testcase classname="scenario_e2e.DeleteObjectE2E" name="deleteObject" time="0.810"/>
  <testcase classname="scenario_e2e.DeleteObjectE2E" name="getListObjectbyId" time="0.727"/>
  <testcase classname="scenario_e2e.DeleteObjectE2E" name="getSingleObject" time="0.899"/>
</testsuite> <!-- scenario_e2e.DeleteObjectE2E -->
