<?xml version="1.0" encoding="UTF-8"?>
<!-- Generated by org.testng.reporters.JUnitReportReporter -->
<testsuite hostname="LAPTOP-66B9Q4LL" failures="0" tests="3" name="testng.RetryTest" time="0.027" errors="0" timestamp="2025-05-14T04:50:39 WIB" skipped="2">
  <testcase classname="testng.RetryTest" name="flackyTest" time="0.003"/>
  <testcase classname="testng.RetryTest" name="flackyTest" time="0.017">
    <skipped/>
  </testcase> <!-- flackyTest -->
  <testcase classname="testng.RetryTest" name="flackyTest" time="0.007">
    <skipped/>
  </testcase> <!-- flackyTest -->
</testsuite> <!-- testng.RetryTest -->
