<?xml version="1.0" encoding="UTF-8"?>
<!-- Generated by org.testng.reporters.JUnitReportReporter -->
<testsuite hostname="LAPTOP-66B9Q4LL" failures="0" tests="3" name="scenario_e2e.pojo.PojoAddObjectE2E" time="2.894" errors="0" timestamp="2025-05-24T17:49:15 WIB" skipped="0">
  <testcase classname="scenario_e2e.pojo.PojoAddObjectE2E" name="addObject" time="1.484"/>
  <testcase classname="scenario_e2e.pojo.PojoAddObjectE2E" name="getListObjectbyId" time="0.733"/>
  <testcase classname="scenario_e2e.pojo.PojoAddObjectE2E" name="getSingleObject" time="0.677"/>
</testsuite> <!-- scenario_e2e.pojo.PojoAddObjectE2E -->
