<?xml version="1.0" encoding="UTF-8"?>
<!-- Generated by org.testng.reporters.JUnitReportReporter -->
<testsuite hostname="LAPTOP-66B9Q4LL" failures="0" tests="3" name="testng.RetryTest" time="0.010" errors="0" timestamp="2025-05-25T16:58:02 WIB" skipped="2">
  <testcase classname="testng.RetryTest" name="flackyTest" time="0.001"/>
  <testcase classname="testng.RetryTest" name="flackyTest" time="0.008">
    <skipped/>
  </testcase> <!-- flackyTest -->
  <testcase classname="testng.RetryTest" name="flackyTest" time="0.001">
    <skipped/>
  </testcase> <!-- flackyTest -->
</testsuite> <!-- testng.RetryTest -->
