<?xml version="1.0" encoding="UTF-8"?>
<!-- Generated by org.testng.reporters.JUnitReportReporter -->
<testsuite hostname="LAPTOP-66B9Q4LL" failures="0" tests="4" name="cucumber.runners.CucumberRunner" time="9.266" errors="0" timestamp="2025-05-25T19:11:36 WIB" skipped="0">
  <testcase classname="cucumber.runners.CucumberRunner" name="runScenario" time="1.529"/>
  <testcase classname="cucumber.runners.CucumberRunner" name="runScenario" time="1.617"/>
  <testcase classname="cucumber.runners.CucumberRunner" name="runScenario" time="1.781"/>
  <testcase classname="cucumber.runners.CucumberRunner" name="runScenario" time="4.339"/>
</testsuite> <!-- cucumber.runners.CucumberRunner -->
