<?xml version="1.0" encoding="UTF-8"?>
<!-- Generated by org.testng.reporters.JUnitReportReporter -->
<testsuite hostname="LAPTOP-66B9Q4LL" failures="0" tests="3" name="scenario_e2e.AddObjectE2E" time="3.329" errors="0" timestamp="2025-05-24T17:29:55 WIB" skipped="0">
  <testcase classname="scenario_e2e.AddObjectE2E" name="addObject" time="1.151"/>
  <testcase classname="scenario_e2e.AddObjectE2E" name="getListObjectbyId" time="1.139"/>
  <testcase classname="scenario_e2e.AddObjectE2E" name="getSingleObject" time="1.039"/>
</testsuite> <!-- scenario_e2e.AddObjectE2E -->
