<?xml version="1.0" encoding="UTF-8"?>
<!-- Generated by org.testng.reporters.JUnitReportReporter -->
<testsuite hostname="LAPTOP-66B9Q4LL" failures="0" tests="4" name="selenium_page_factory.test_suites.CheckoutFlowE2E" time="12.509" errors="0" timestamp="2025-06-26T22:07:27 WIB" skipped="0">
  <testcase classname="selenium_page_factory.test_suites.CheckoutFlowE2E" name="loginToPlatform" time="0.688"/>
  <testcase classname="selenium_page_factory.test_suites.CheckoutFlowE2E" name="searchProduct" time="6.455"/>
  <testcase classname="selenium_page_factory.test_suites.CheckoutFlowE2E" name="addProductToCartFromList" time="3.635"/>
  <testcase classname="selenium_page_factory.test_suites.CheckoutFlowE2E" name="proceedToCheckoutWithoutCoupon" time="1.731"/>
</testsuite> <!-- selenium_page_factory.test_suites.CheckoutFlowE2E -->
