<?xml version="1.0" encoding="UTF-8"?>
<!-- Generated by org.testng.reporters.JUnitReportReporter -->
<testsuite hostname="LAPTOP-66B9Q4LL" failures="0" tests="3" name="testng.DataProviderTest" time="0.011" errors="0" timestamp="2025-05-14T04:50:39 WIB" skipped="0">
  <testcase classname="testng.DataProviderTest" name="testMethod" time="0.007"/>
  <testcase classname="testng.DataProviderTest" name="testMethod" time="0.004"/>
  <testcase classname="testng.DataProviderTest" name="testMethod" time="0.000"/>
</testsuite> <!-- testng.DataProviderTest -->
