<?xml version="1.0" encoding="UTF-8"?>
<!-- Generated by org.testng.reporters.JUnitReportReporter -->
<testsuite hostname="LAPTOP-66B9Q4LL" failures="0" tests="2" name="scenario_e2e.pojo.PojoRegisterUserE2E" time="4.202" errors="0" timestamp="2025-05-24T17:49:15 WIB" skipped="0">
  <testcase classname="scenario_e2e.pojo.PojoRegisterUserE2E" name="LoginUser" time="1.176"/>
  <testcase classname="scenario_e2e.pojo.PojoRegisterUserE2E" name="RegisterUser" time="3.026"/>
</testsuite> <!-- scenario_e2e.pojo.PojoRegisterUserE2E -->
