<?xml version="1.0" encoding="UTF-8"?>
<!-- Generated by org.testng.reporters.JUnitReportReporter -->
<testsuite hostname="LAPTOP-66B9Q4LL" failures="0" tests="3" name="scenario_e2e.pojo.PojoDeleteObjectE2E" time="1.965" errors="0" timestamp="2025-05-24T17:49:15 WIB" skipped="0">
  <testcase classname="scenario_e2e.pojo.PojoDeleteObjectE2E" name="getListObjectbyId" time="0.651"/>
  <testcase classname="scenario_e2e.pojo.PojoDeleteObjectE2E" name="deleteObject" time="0.666"/>
  <testcase classname="scenario_e2e.pojo.PojoDeleteObjectE2E" name="getSingleObject" time="0.648"/>
</testsuite> <!-- scenario_e2e.pojo.PojoDeleteObjectE2E -->
