<?xml version="1.0" encoding="UTF-8"?>
<!-- Generated by org.testng.reporters.JUnitReportReporter -->
<testsuite hostname="LAPTOP-66B9Q4LL" failures="0" tests="2" name="scenario_e2e.RegisterUserE2E" time="3.865" errors="0" timestamp="2025-05-24T17:29:55 WIB" skipped="0">
  <testcase classname="scenario_e2e.RegisterUserE2E" name="LoginUser" time="0.943"/>
  <testcase classname="scenario_e2e.RegisterUserE2E" name="RegisterUser" time="2.922"/>
</testsuite> <!-- scenario_e2e.RegisterUserE2E -->
