<?xml version="1.0" encoding="UTF-8"?>
<!-- Generated by org.testng.reporters.JUnitReportReporter -->
<testsuite hostname="LAPTOP-66B9Q4LL" failures="0" tests="4" name="cucumber.runners.CucumberRunner" time="9.321" errors="0" timestamp="2025-05-31T11:55:16 WIB" skipped="0">
  <testcase classname="cucumber.runners.CucumberRunner" name="runScenario" time="1.414"/>
  <testcase classname="cucumber.runners.CucumberRunner" name="runScenario" time="3.995"/>
  <testcase classname="cucumber.runners.CucumberRunner" name="runScenario" time="2.582"/>
  <testcase classname="cucumber.runners.CucumberRunner" name="runScenario" time="1.330"/>
</testsuite> <!-- cucumber.runners.CucumberRunner -->
