<?xml version="1.0" encoding="UTF-8"?>
<!-- Generated by org.testng.reporters.JUnitReportReporter -->
<testsuite hostname="LAPTOP-66B9Q4LL" failures="0" tests="4" name="cucumber.runners.CucumberRunner" time="10.302" errors="0" timestamp="2025-05-28T17:24:25 WIB" skipped="0">
  <testcase classname="cucumber.runners.CucumberRunner" name="runScenario" time="2.808"/>
  <testcase classname="cucumber.runners.CucumberRunner" name="runScenario" time="1.566"/>
  <testcase classname="cucumber.runners.CucumberRunner" name="runScenario" time="4.260"/>
  <testcase classname="cucumber.runners.CucumberRunner" name="runScenario" time="1.668"/>
</testsuite> <!-- cucumber.runners.CucumberRunner -->
