<?xml version="1.0" encoding="UTF-8"?>
<!-- Generated by org.testng.reporters.JUnitReportReporter -->
<testsuite hostname="LAPTOP-66B9Q4LL" failures="0" tests="1" name="selenium_page_factory.test_suites_cucumber.runners.CucumberRunnerUI" time="24.185" errors="0" timestamp="2025-06-26T23:33:06 WIB" skipped="0">
  <testcase classname="selenium_page_factory.test_suites_cucumber.runners.CucumberRunnerUI" name="runScenario" time="24.185"/>
</testsuite> <!-- selenium_page_factory.test_suites_cucumber.runners.CucumberRunnerUI -->
